{"C:\\projects\\react-ts-creat-react-app\\my-app\\src\\App.tsx": {"path":"C:\\projects\\react-ts-creat-react-app\\my-app\\src\\App.tsx","statementMap":{"0":{"start":{"line":12,"column":10},"end":{"line":12,"column":11}},"1":{"start":{"line":13,"column":31},"end":{"line":13,"column":32}},"2":{"start":{"line":14,"column":26},"end":{"line":14,"column":56}},"3":{"start":{"line":15,"column":22},"end":{"line":15,"column":58}},"4":{"start":{"line":16,"column":34},"end":{"line":16,"column":64}},"5":{"start":{"line":17,"column":38},"end":{"line":19,"column":3}},"6":{"start":{"line":20,"column":44},"end":{"line":20,"column":59}},"7":{"start":{"line":21,"column":34},"end":{"line":21,"column":49}},"8":{"start":{"line":22,"column":42},"end":{"line":22,"column":57}},"9":{"start":{"line":23,"column":24},"end":{"line":32,"column":3}},"10":{"start":{"line":24,"column":4},"end":{"line":31,"column":5}},"11":{"start":{"line":26,"column":6},"end":{"line":30,"column":7}},"12":{"start":{"line":28,"column":8},"end":{"line":28,"column":25}},"13":{"start":{"line":29,"column":8},"end":{"line":29,"column":80}},"14":{"start":{"line":33,"column":21},"end":{"line":39,"column":3}},"15":{"start":{"line":34,"column":4},"end":{"line":34,"column":27}},"16":{"start":{"line":35,"column":4},"end":{"line":35,"column":28}},"17":{"start":{"line":36,"column":4},"end":{"line":36,"column":51}},"18":{"start":{"line":37,"column":4},"end":{"line":37,"column":26}},"19":{"start":{"line":38,"column":4},"end":{"line":38,"column":21}},"20":{"start":{"line":40,"column":18},"end":{"line":48,"column":3}},"21":{"start":{"line":41,"column":4},"end":{"line":41,"column":55}},"22":{"start":{"line":42,"column":4},"end":{"line":42,"column":26}},"23":{"start":{"line":43,"column":4},"end":{"line":47,"column":12}},"24":{"start":{"line":44,"column":6},"end":{"line":46,"column":7}},"25":{"start":{"line":45,"column":8},"end":{"line":45,"column":40}},"26":{"start":{"line":50,"column":22},"end":{"line":54,"column":3}},"27":{"start":{"line":51,"column":19},"end":{"line":51,"column":68}},"28":{"start":{"line":52,"column":4},"end":{"line":52,"column":25}},"29":{"start":{"line":53,"column":4},"end":{"line":53,"column":21}},"30":{"start":{"line":55,"column":18},"end":{"line":75,"column":3}},"31":{"start":{"line":56,"column":23},"end":{"line":58,"column":33}},"32":{"start":{"line":59,"column":4},"end":{"line":74,"column":5}},"33":{"start":{"line":60,"column":6},"end":{"line":62,"column":7}},"34":{"start":{"line":61,"column":8},"end":{"line":61,"column":43}},"35":{"start":{"line":63,"column":6},"end":{"line":65,"column":7}},"36":{"start":{"line":64,"column":8},"end":{"line":64,"column":37}},"37":{"start":{"line":66,"column":6},"end":{"line":66,"column":24}},"38":{"start":{"line":68,"column":6},"end":{"line":68,"column":28}},"39":{"start":{"line":69,"column":6},"end":{"line":71,"column":7}},"40":{"start":{"line":70,"column":8},"end":{"line":70,"column":39}},"41":{"start":{"line":72,"column":6},"end":{"line":72,"column":25}},"42":{"start":{"line":73,"column":6},"end":{"line":73,"column":29}},"43":{"start":{"line":77,"column":4},"end":{"line":77,"column":53}},"44":{"start":{"line":80,"column":22},"end":{"line":82,"column":46}},"45":{"start":{"line":84,"column":4},"end":{"line":86,"column":5}},"46":{"start":{"line":85,"column":6},"end":{"line":85,"column":31}},"47":{"start":{"line":90,"column":4},"end":{"line":90,"column":26}},"48":{"start":{"line":92,"column":2},"end":{"line":116,"column":27}},"49":{"start":{"line":93,"column":4},"end":{"line":115,"column":5}},"50":{"start":{"line":94,"column":6},"end":{"line":94,"column":29}},"51":{"start":{"line":95,"column":6},"end":{"line":109,"column":15}},"52":{"start":{"line":96,"column":8},"end":{"line":101,"column":9}},"53":{"start":{"line":97,"column":10},"end":{"line":97,"column":70}},"54":{"start":{"line":98,"column":10},"end":{"line":100,"column":11}},"55":{"start":{"line":99,"column":12},"end":{"line":99,"column":62}},"56":{"start":{"line":102,"column":8},"end":{"line":107,"column":9}},"57":{"start":{"line":103,"column":10},"end":{"line":105,"column":11}},"58":{"start":{"line":104,"column":12},"end":{"line":104,"column":47}},"59":{"start":{"line":106,"column":10},"end":{"line":106,"column":17}},"60":{"start":{"line":108,"column":8},"end":{"line":108,"column":12}},"61":{"start":{"line":110,"column":6},"end":{"line":114,"column":8}},"62":{"start":{"line":111,"column":8},"end":{"line":113,"column":9}},"63":{"start":{"line":112,"column":10},"end":{"line":112,"column":45}},"64":{"start":{"line":117,"column":2},"end":{"line":159,"column":4}},"65":{"start":{"line":145,"column":14},"end":{"line":145,"column":37}},"66":{"start":{"line":156,"column":57},"end":{"line":156,"column":89}}},"fnMap":{"0":{"name":"App","decl":{"start":{"line":8,"column":9},"end":{"line":8,"column":12}},"loc":{"start":{"line":8,"column":15},"end":{"line":160,"column":1}},"line":8},"1":{"name":"(anonymous_1)","decl":{"start":{"line":23,"column":24},"end":{"line":23,"column":25}},"loc":{"start":{"line":23,"column":74},"end":{"line":32,"column":3}},"line":23},"2":{"name":"(anonymous_2)","decl":{"start":{"line":33,"column":21},"end":{"line":33,"column":22}},"loc":{"start":{"line":33,"column":43},"end":{"line":39,"column":3}},"line":33},"3":{"name":"(anonymous_3)","decl":{"start":{"line":40,"column":18},"end":{"line":40,"column":19}},"loc":{"start":{"line":40,"column":24},"end":{"line":48,"column":3}},"line":40},"4":{"name":"(anonymous_4)","decl":{"start":{"line":43,"column":15},"end":{"line":43,"column":16}},"loc":{"start":{"line":43,"column":21},"end":{"line":47,"column":5}},"line":43},"5":{"name":"(anonymous_5)","decl":{"start":{"line":50,"column":22},"end":{"line":50,"column":23}},"loc":{"start":{"line":50,"column":28},"end":{"line":54,"column":3}},"line":50},"6":{"name":"(anonymous_6)","decl":{"start":{"line":55,"column":18},"end":{"line":55,"column":19}},"loc":{"start":{"line":55,"column":24},"end":{"line":75,"column":3}},"line":55},"7":{"name":"overwriteTimer","decl":{"start":{"line":76,"column":11},"end":{"line":76,"column":25}},"loc":{"start":{"line":76,"column":66},"end":{"line":78,"column":3}},"line":76},"8":{"name":"resetAnimation","decl":{"start":{"line":79,"column":11},"end":{"line":79,"column":25}},"loc":{"start":{"line":79,"column":28},"end":{"line":87,"column":3}},"line":79},"9":{"name":"onClose","decl":{"start":{"line":89,"column":11},"end":{"line":89,"column":18}},"loc":{"start":{"line":89,"column":20},"end":{"line":91,"column":3}},"line":89},"10":{"name":"(anonymous_10)","decl":{"start":{"line":92,"column":12},"end":{"line":92,"column":13}},"loc":{"start":{"line":92,"column":18},"end":{"line":116,"column":3}},"line":92},"11":{"name":"(anonymous_11)","decl":{"start":{"line":95,"column":47},"end":{"line":95,"column":48}},"loc":{"start":{"line":95,"column":59},"end":{"line":109,"column":7}},"line":95},"12":{"name":"(anonymous_12)","decl":{"start":{"line":110,"column":13},"end":{"line":110,"column":14}},"loc":{"start":{"line":110,"column":19},"end":{"line":114,"column":7}},"line":110},"13":{"name":"(anonymous_13)","decl":{"start":{"line":144,"column":20},"end":{"line":144,"column":21}},"loc":{"start":{"line":144,"column":26},"end":{"line":146,"column":13}},"line":144},"14":{"name":"(anonymous_14)","decl":{"start":{"line":156,"column":50},"end":{"line":156,"column":51}},"loc":{"start":{"line":156,"column":56},"end":{"line":156,"column":90}},"line":156}},"branchMap":{"0":{"loc":{"start":{"line":24,"column":4},"end":{"line":31,"column":5}},"type":"if","locations":[{"start":{"line":24,"column":4},"end":{"line":31,"column":5}},{"start":{},"end":{}}],"line":24},"1":{"loc":{"start":{"line":26,"column":6},"end":{"line":30,"column":7}},"type":"if","locations":[{"start":{"line":26,"column":6},"end":{"line":30,"column":7}},{"start":{},"end":{}}],"line":26},"2":{"loc":{"start":{"line":44,"column":6},"end":{"line":46,"column":7}},"type":"if","locations":[{"start":{"line":44,"column":6},"end":{"line":46,"column":7}},{"start":{},"end":{}}],"line":44},"3":{"loc":{"start":{"line":59,"column":4},"end":{"line":74,"column":5}},"type":"if","locations":[{"start":{"line":59,"column":4},"end":{"line":74,"column":5}},{"start":{"line":67,"column":11},"end":{"line":74,"column":5}}],"line":59},"4":{"loc":{"start":{"line":60,"column":6},"end":{"line":62,"column":7}},"type":"if","locations":[{"start":{"line":60,"column":6},"end":{"line":62,"column":7}},{"start":{},"end":{}}],"line":60},"5":{"loc":{"start":{"line":63,"column":6},"end":{"line":65,"column":7}},"type":"if","locations":[{"start":{"line":63,"column":6},"end":{"line":65,"column":7}},{"start":{},"end":{}}],"line":63},"6":{"loc":{"start":{"line":63,"column":10},"end":{"line":63,"column":50}},"type":"binary-expr","locations":[{"start":{"line":63,"column":10},"end":{"line":63,"column":20}},{"start":{"line":63,"column":24},"end":{"line":63,"column":50}}],"line":63},"7":{"loc":{"start":{"line":69,"column":6},"end":{"line":71,"column":7}},"type":"if","locations":[{"start":{"line":69,"column":6},"end":{"line":71,"column":7}},{"start":{},"end":{}}],"line":69},"8":{"loc":{"start":{"line":69,"column":10},"end":{"line":69,"column":52}},"type":"binary-expr","locations":[{"start":{"line":69,"column":10},"end":{"line":69,"column":20}},{"start":{"line":69,"column":24},"end":{"line":69,"column":52}}],"line":69},"9":{"loc":{"start":{"line":84,"column":4},"end":{"line":86,"column":5}},"type":"if","locations":[{"start":{"line":84,"column":4},"end":{"line":86,"column":5}},{"start":{},"end":{}}],"line":84},"10":{"loc":{"start":{"line":84,"column":8},"end":{"line":84,"column":43}},"type":"binary-expr","locations":[{"start":{"line":84,"column":8},"end":{"line":84,"column":17}},{"start":{"line":84,"column":21},"end":{"line":84,"column":43}}],"line":84},"11":{"loc":{"start":{"line":93,"column":4},"end":{"line":115,"column":5}},"type":"if","locations":[{"start":{"line":93,"column":4},"end":{"line":115,"column":5}},{"start":{},"end":{}}],"line":93},"12":{"loc":{"start":{"line":93,"column":8},"end":{"line":93,"column":33}},"type":"binary-expr","locations":[{"start":{"line":93,"column":8},"end":{"line":93,"column":20}},{"start":{"line":93,"column":24},"end":{"line":93,"column":33}}],"line":93},"13":{"loc":{"start":{"line":96,"column":8},"end":{"line":101,"column":9}},"type":"if","locations":[{"start":{"line":96,"column":8},"end":{"line":101,"column":9}},{"start":{},"end":{}}],"line":96},"14":{"loc":{"start":{"line":98,"column":10},"end":{"line":100,"column":11}},"type":"if","locations":[{"start":{"line":98,"column":10},"end":{"line":100,"column":11}},{"start":{},"end":{}}],"line":98},"15":{"loc":{"start":{"line":102,"column":8},"end":{"line":107,"column":9}},"type":"if","locations":[{"start":{"line":102,"column":8},"end":{"line":107,"column":9}},{"start":{},"end":{}}],"line":102},"16":{"loc":{"start":{"line":103,"column":10},"end":{"line":105,"column":11}},"type":"if","locations":[{"start":{"line":103,"column":10},"end":{"line":105,"column":11}},{"start":{},"end":{}}],"line":103},"17":{"loc":{"start":{"line":111,"column":8},"end":{"line":113,"column":9}},"type":"if","locations":[{"start":{"line":111,"column":8},"end":{"line":113,"column":9}},{"start":{},"end":{}}],"line":111},"18":{"loc":{"start":{"line":127,"column":9},"end":{"line":136,"column":9}},"type":"binary-expr","locations":[{"start":{"line":127,"column":9},"end":{"line":127,"column":22}},{"start":{"line":128,"column":10},"end":{"line":135,"column":19}}],"line":127},"19":{"loc":{"start":{"line":137,"column":9},"end":{"line":148,"column":9}},"type":"binary-expr","locations":[{"start":{"line":137,"column":9},"end":{"line":137,"column":21}},{"start":{"line":138,"column":10},"end":{"line":147,"column":19}}],"line":137},"20":{"loc":{"start":{"line":154,"column":9},"end":{"line":154,"column":102}},"type":"binary-expr","locations":[{"start":{"line":154,"column":9},"end":{"line":154,"column":18}},{"start":{"line":154,"column":22},"end":{"line":154,"column":102}}],"line":154},"21":{"loc":{"start":{"line":155,"column":9},"end":{"line":155,"column":102}},"type":"binary-expr","locations":[{"start":{"line":155,"column":9},"end":{"line":155,"column":17}},{"start":{"line":155,"column":21},"end":{"line":155,"column":102}}],"line":155}},"s":{"0":24,"1":24,"2":24,"3":24,"4":24,"5":24,"6":24,"7":24,"8":24,"9":24,"10":1,"11":1,"12":1,"13":1,"14":24,"15":5,"16":5,"17":5,"18":5,"19":5,"20":24,"21":1,"22":1,"23":1,"24":1,"25":0,"26":24,"27":3,"28":3,"29":3,"30":24,"31":2,"32":2,"33":1,"34":1,"35":1,"36":0,"37":1,"38":1,"39":1,"40":0,"41":1,"42":1,"43":1,"44":9,"45":9,"46":0,"47":0,"48":24,"49":12,"50":5,"51":5,"52":9,"53":9,"54":9,"55":9,"56":9,"57":0,"58":0,"59":0,"60":9,"61":5,"62":5,"63":5,"64":24,"65":0,"66":1},"f":{"0":24,"1":1,"2":5,"3":1,"4":1,"5":3,"6":2,"7":1,"8":9,"9":0,"10":12,"11":9,"12":5,"13":0,"14":1},"b":{"0":[1,0],"1":[1,0],"2":[0,1],"3":[1,1],"4":[1,0],"5":[0,1],"6":[1,1],"7":[0,1],"8":[1,1],"9":[0,9],"10":[9,9],"11":[5,7],"12":[12,6],"13":[9,0],"14":[9,0],"15":[0,9],"16":[0,0],"17":[5,0],"18":[24,22],"19":[24,2],"20":[24,23],"21":[24,1]},"_coverageSchema":"1a1c01bbd47fc00a2c39e90264f33305004495a9","hash":"a90e9d2427f2b02fae21fbc66735cf905fe49608"}
,"C:\\projects\\react-ts-creat-react-app\\my-app\\src\\index.tsx": {"path":"C:\\projects\\react-ts-creat-react-app\\my-app\\src\\index.tsx","statementMap":{"0":{"start":{"line":7,"column":13},"end":{"line":9,"column":1}},"1":{"start":{"line":10,"column":0},"end":{"line":14,"column":2}},"2":{"start":{"line":19,"column":0},"end":{"line":19,"column":18}}},"fnMap":{},"branchMap":{},"s":{"0":0,"1":0,"2":0},"f":{},"b":{}}
,"C:\\projects\\react-ts-creat-react-app\\my-app\\src\\reportWebVitals.ts": {"path":"C:\\projects\\react-ts-creat-react-app\\my-app\\src\\reportWebVitals.ts","statementMap":{"0":{"start":{"line":3,"column":24},"end":{"line":13,"column":1}},"1":{"start":{"line":4,"column":2},"end":{"line":12,"column":3}},"2":{"start":{"line":5,"column":4},"end":{"line":11,"column":7}},"3":{"start":{"line":6,"column":6},"end":{"line":6,"column":26}},"4":{"start":{"line":7,"column":6},"end":{"line":7,"column":26}},"5":{"start":{"line":8,"column":6},"end":{"line":8,"column":26}},"6":{"start":{"line":9,"column":6},"end":{"line":9,"column":26}},"7":{"start":{"line":10,"column":6},"end":{"line":10,"column":27}}},"fnMap":{"0":{"name":"(anonymous_0)","decl":{"start":{"line":3,"column":24},"end":{"line":3,"column":25}},"loc":{"start":{"line":3,"column":57},"end":{"line":13,"column":1}},"line":3},"1":{"name":"(anonymous_1)","decl":{"start":{"line":5,"column":30},"end":{"line":5,"column":31}},"loc":{"start":{"line":5,"column":79},"end":{"line":11,"column":5}},"line":5}},"branchMap":{"0":{"loc":{"start":{"line":4,"column":2},"end":{"line":12,"column":3}},"type":"if","locations":[{"start":{"line":4,"column":2},"end":{"line":12,"column":3}},{"start":{},"end":{}}],"line":4},"1":{"loc":{"start":{"line":4,"column":6},"end":{"line":4,"column":52}},"type":"binary-expr","locations":[{"start":{"line":4,"column":6},"end":{"line":4,"column":17}},{"start":{"line":4,"column":21},"end":{"line":4,"column":52}}],"line":4}},"s":{"0":0,"1":0,"2":0,"3":0,"4":0,"5":0,"6":0,"7":0},"f":{"0":0,"1":0},"b":{"0":[0,0],"1":[0,0]}}
,"C:\\projects\\react-ts-creat-react-app\\my-app\\src\\service.tsx": {"path":"C:\\projects\\react-ts-creat-react-app\\my-app\\src\\service.tsx","statementMap":{"0":{"start":{"line":2,"column":2},"end":{"line":4,"column":3}},"1":{"start":{"line":3,"column":4},"end":{"line":3,"column":25}},"2":{"start":{"line":5,"column":18},"end":{"line":5,"column":48}},"3":{"start":{"line":6,"column":18},"end":{"line":6,"column":36}},"4":{"start":{"line":7,"column":2},"end":{"line":11,"column":4}},"5":{"start":{"line":15,"column":2},"end":{"line":21,"column":3}},"6":{"start":{"line":16,"column":20},"end":{"line":16,"column":65}},"7":{"start":{"line":17,"column":20},"end":{"line":17,"column":60}},"8":{"start":{"line":18,"column":4},"end":{"line":18,"column":37}},"9":{"start":{"line":20,"column":4},"end":{"line":20,"column":28}}},"fnMap":{"0":{"name":"formatTimeMS","decl":{"start":{"line":1,"column":16},"end":{"line":1,"column":28}},"loc":{"start":{"line":1,"column":52},"end":{"line":12,"column":1}},"line":1},"1":{"name":"formatTimeInSec","decl":{"start":{"line":14,"column":16},"end":{"line":14,"column":31}},"loc":{"start":{"line":14,"column":58},"end":{"line":22,"column":1}},"line":14}},"branchMap":{"0":{"loc":{"start":{"line":2,"column":2},"end":{"line":4,"column":3}},"type":"if","locations":[{"start":{"line":2,"column":2},"end":{"line":4,"column":3}},{"start":{},"end":{}}],"line":2},"1":{"loc":{"start":{"line":8,"column":11},"end":{"line":8,"column":49}},"type":"cond-expr","locations":[{"start":{"line":8,"column":26},"end":{"line":8,"column":39}},{"start":{"line":8,"column":42},"end":{"line":8,"column":49}}],"line":8},"2":{"loc":{"start":{"line":10,"column":5},"end":{"line":10,"column":43}},"type":"cond-expr","locations":[{"start":{"line":10,"column":20},"end":{"line":10,"column":33}},{"start":{"line":10,"column":36},"end":{"line":10,"column":43}}],"line":10},"3":{"loc":{"start":{"line":15,"column":2},"end":{"line":21,"column":3}},"type":"if","locations":[{"start":{"line":15,"column":2},"end":{"line":21,"column":3}},{"start":{"line":19,"column":9},"end":{"line":21,"column":3}}],"line":15}},"s":{"0":39,"1":0,"2":39,"3":39,"4":39,"5":12,"6":8,"7":8,"8":8,"9":4},"f":{"0":39,"1":12},"b":{"0":[0,39],"1":[39,0],"2":[32,7],"3":[8,4]},"_coverageSchema":"1a1c01bbd47fc00a2c39e90264f33305004495a9","hash":"412f3e5bc4b72065ee10e8cc37ab3b2baff8c0d6"}
,"C:\\projects\\react-ts-creat-react-app\\my-app\\src\\components\\ButtonRound\\index.tsx": {"path":"C:\\projects\\react-ts-creat-react-app\\my-app\\src\\components\\ButtonRound\\index.tsx","statementMap":{"0":{"start":{"line":10,"column":2},"end":{"line":14,"column":4}}},"fnMap":{"0":{"name":"ButtonRound","decl":{"start":{"line":9,"column":24},"end":{"line":9,"column":35}},"loc":{"start":{"line":9,"column":50},"end":{"line":15,"column":1}},"line":9}},"branchMap":{},"s":{"0":24},"f":{"0":24},"b":{},"_coverageSchema":"1a1c01bbd47fc00a2c39e90264f33305004495a9","hash":"8bbfd2c176b0aaadcf36d1711d6e07ffff85967c"}
,"C:\\projects\\react-ts-creat-react-app\\my-app\\src\\components\\ButtonText\\index.tsx": {"path":"C:\\projects\\react-ts-creat-react-app\\my-app\\src\\components\\ButtonText\\index.tsx","statementMap":{"0":{"start":{"line":10,"column":2},"end":{"line":14,"column":4}}},"fnMap":{"0":{"name":"ButtonText","decl":{"start":{"line":9,"column":24},"end":{"line":9,"column":34}},"loc":{"start":{"line":9,"column":49},"end":{"line":15,"column":1}},"line":9}},"branchMap":{},"s":{"0":70},"f":{"0":70},"b":{},"_coverageSchema":"1a1c01bbd47fc00a2c39e90264f33305004495a9","hash":"8bd6ea51eb890efb690c6ecd3926b2210281a9b8"}
,"C:\\projects\\react-ts-creat-react-app\\my-app\\src\\components\\Header\\index.tsx": {"path":"C:\\projects\\react-ts-creat-react-app\\my-app\\src\\components\\Header\\index.tsx","statementMap":{"0":{"start":{"line":8,"column":2},"end":{"line":15,"column":4}}},"fnMap":{"0":{"name":"Header","decl":{"start":{"line":7,"column":24},"end":{"line":7,"column":30}},"loc":{"start":{"line":7,"column":44},"end":{"line":16,"column":1}},"line":7}},"branchMap":{},"s":{"0":23},"f":{"0":23},"b":{},"_coverageSchema":"1a1c01bbd47fc00a2c39e90264f33305004495a9","hash":"abb435a186d58d615d9090257f3f8cb75ee8fa29"}
,"C:\\projects\\react-ts-creat-react-app\\my-app\\src\\components\\spinner\\index.tsx": {"path":"C:\\projects\\react-ts-creat-react-app\\my-app\\src\\components\\spinner\\index.tsx","statementMap":{"0":{"start":{"line":9,"column":48},"end":{"line":9,"column":53}},"1":{"start":{"line":10,"column":2},"end":{"line":43,"column":4}}},"fnMap":{"0":{"name":"Spinner","decl":{"start":{"line":8,"column":24},"end":{"line":8,"column":31}},"loc":{"start":{"line":8,"column":46},"end":{"line":44,"column":1}},"line":8}},"branchMap":{"0":{"loc":{"start":{"line":23,"column":22},"end":{"line":23,"column":46}},"type":"cond-expr","locations":[{"start":{"line":23,"column":33},"end":{"line":23,"column":41}},{"start":{"line":23,"column":44},"end":{"line":23,"column":46}}],"line":23},"1":{"loc":{"start":{"line":26,"column":21},"end":{"line":26,"column":73}},"type":"cond-expr","locations":[{"start":{"line":26,"column":38},"end":{"line":26,"column":44}},{"start":{"line":26,"column":47},"end":{"line":26,"column":73}}],"line":26}},"s":{"0":24,"1":24},"f":{"0":24},"b":{"0":[1,23],"1":[13,11]},"_coverageSchema":"1a1c01bbd47fc00a2c39e90264f33305004495a9","hash":"2d0f3a8294e69deb76f246ecf3ab249a5d6be658"}
}
