TN:
SF:src\App.tsx
FN:8,App
FN:23,(anonymous_1)
FN:33,(anonymous_2)
FN:40,(anonymous_3)
FN:43,(anonymous_4)
FN:50,(anonymous_5)
FN:55,(anonymous_6)
FN:76,overwriteTimer
FN:79,resetAnimation
FN:89,onClose
FN:92,(anonymous_10)
FN:95,(anonymous_11)
FN:110,(anonymous_12)
FN:144,(anonymous_13)
FN:156,(anonymous_14)
FNF:15
FNH:13
FNDA:24,App
FNDA:1,(anonymous_1)
FNDA:5,(anonymous_2)
FNDA:1,(anonymous_3)
FNDA:1,(anonymous_4)
FNDA:3,(anonymous_5)
FNDA:2,(anonymous_6)
FNDA:1,overwriteTimer
FNDA:9,resetAnimation
FNDA:0,onClose
FNDA:12,(anonymous_10)
FNDA:9,(anonymous_11)
FNDA:5,(anonymous_12)
FNDA:0,(anonymous_13)
FNDA:1,(anonymous_14)
DA:12,24
DA:13,24
DA:14,24
DA:15,24
DA:16,24
DA:17,24
DA:20,24
DA:21,24
DA:22,24
DA:23,24
DA:24,1
DA:26,1
DA:28,1
DA:29,1
DA:33,24
DA:34,5
DA:35,5
DA:36,5
DA:37,5
DA:38,5
DA:40,24
DA:41,1
DA:42,1
DA:43,1
DA:44,1
DA:45,0
DA:50,24
DA:51,3
DA:52,3
DA:53,3
DA:55,24
DA:56,2
DA:59,2
DA:60,1
DA:61,1
DA:63,1
DA:64,0
DA:66,1
DA:68,1
DA:69,1
DA:70,0
DA:72,1
DA:73,1
DA:77,1
DA:80,9
DA:84,9
DA:85,0
DA:90,0
DA:92,24
DA:93,12
DA:94,5
DA:95,5
DA:96,9
DA:97,9
DA:98,9
DA:99,9
DA:102,9
DA:103,0
DA:104,0
DA:106,0
DA:108,9
DA:110,5
DA:111,5
DA:112,5
DA:117,24
DA:145,0
DA:156,1
LF:67
LH:58
BRDA:24,0,0,1
BRDA:24,0,1,0
BRDA:26,1,0,1
BRDA:26,1,1,0
BRDA:44,2,0,0
BRDA:44,2,1,1
BRDA:59,3,0,1
BRDA:59,3,1,1
BRDA:60,4,0,1
BRDA:60,4,1,0
BRDA:63,5,0,0
BRDA:63,5,1,1
BRDA:63,6,0,1
BRDA:63,6,1,1
BRDA:69,7,0,0
BRDA:69,7,1,1
BRDA:69,8,0,1
BRDA:69,8,1,1
BRDA:84,9,0,0
BRDA:84,9,1,9
BRDA:84,10,0,9
BRDA:84,10,1,9
BRDA:93,11,0,5
BRDA:93,11,1,7
BRDA:93,12,0,12
BRDA:93,12,1,6
BRDA:96,13,0,9
BRDA:96,13,1,0
BRDA:98,14,0,9
BRDA:98,14,1,0
BRDA:102,15,0,0
BRDA:102,15,1,9
BRDA:103,16,0,0
BRDA:103,16,1,0
BRDA:111,17,0,5
BRDA:111,17,1,0
BRDA:127,18,0,24
BRDA:127,18,1,22
BRDA:137,19,0,24
BRDA:137,19,1,2
BRDA:154,20,0,24
BRDA:154,20,1,23
BRDA:155,21,0,24
BRDA:155,21,1,1
BRF:44
BRH:31
end_of_record
TN:
SF:src\index.tsx
FNF:0
FNH:0
DA:7,0
DA:10,0
DA:19,0
LF:3
LH:0
BRF:0
BRH:0
end_of_record
TN:
SF:src\reportWebVitals.ts
FN:3,(anonymous_0)
FN:5,(anonymous_1)
FNF:2
FNH:0
FNDA:0,(anonymous_0)
FNDA:0,(anonymous_1)
DA:3,0
DA:4,0
DA:5,0
DA:6,0
DA:7,0
DA:8,0
DA:9,0
DA:10,0
LF:8
LH:0
BRDA:4,0,0,0
BRDA:4,0,1,0
BRDA:4,1,0,0
BRDA:4,1,1,0
BRF:4
BRH:0
end_of_record
TN:
SF:src\service.tsx
FN:1,formatTimeMS
FN:14,formatTimeInSec
FNF:2
FNH:2
FNDA:39,formatTimeMS
FNDA:12,formatTimeInSec
DA:2,39
DA:3,0
DA:5,39
DA:6,39
DA:7,39
DA:15,12
DA:16,8
DA:17,8
DA:18,8
DA:20,4
LF:10
LH:9
BRDA:2,0,0,0
BRDA:2,0,1,39
BRDA:8,1,0,39
BRDA:8,1,1,0
BRDA:10,2,0,32
BRDA:10,2,1,7
BRDA:15,3,0,8
BRDA:15,3,1,4
BRF:8
BRH:6
end_of_record
TN:
SF:src\components\ButtonRound\index.tsx
FN:9,ButtonRound
FNF:1
FNH:1
FNDA:24,ButtonRound
DA:10,24
LF:1
LH:1
BRF:0
BRH:0
end_of_record
TN:
SF:src\components\ButtonText\index.tsx
FN:9,ButtonText
FNF:1
FNH:1
FNDA:70,ButtonText
DA:10,70
LF:1
LH:1
BRF:0
BRH:0
end_of_record
TN:
SF:src\components\Header\index.tsx
FN:7,Header
FNF:1
FNH:1
FNDA:23,Header
DA:8,23
LF:1
LH:1
BRF:0
BRH:0
end_of_record
TN:
SF:src\components\spinner\index.tsx
FN:8,Spinner
FNF:1
FNH:1
FNDA:24,Spinner
DA:9,24
DA:10,24
LF:2
LH:2
BRDA:23,0,0,1
BRDA:23,0,1,23
BRDA:26,1,0,13
BRDA:26,1,1,11
BRF:4
BRH:4
end_of_record
